<?xml version="1.0" encoding="UTF-8" ?>
<testsuite tests="21" failures="0" name="it.fe.cassano.astvisassignsample.ccparser.ParserValidityTest" time="4.313" errors="0" skipped="0">
  <properties>
    <property name="java.runtime.name" value="Java(TM) SE Runtime Environment"/>
    <property name="sun.boot.library.path" value="/Library/Java/JavaVirtualMachines/jdk1.8.0_40.jdk/Contents/Home/jre/lib"/>
    <property name="java.vm.version" value="25.40-b13"/>
    <property name="gopherProxySet" value="false"/>
    <property name="java.vm.vendor" value="Oracle Corporation"/>
    <property name="java.vendor.url" value="http://java.oracle.com/"/>
    <property name="path.separator" value=":"/>
    <property name="guice.disable.misplaced.annotation.check" value="true"/>
    <property name="java.vm.name" value="Java HotSpot(TM) 64-Bit Server VM"/>
    <property name="file.encoding.pkg" value="sun.io"/>
    <property name="user.country" value="IT"/>
    <property name="sun.java.launcher" value="SUN_STANDARD"/>
    <property name="sun.os.patch.level" value="unknown"/>
    <property name="java.vm.specification.name" value="Java Virtual Machine Specification"/>
    <property name="user.dir" value="/Users/ccassano/Documents/workspace/astvisassignsample"/>
    <property name="java.runtime.version" value="1.8.0_40-ea-b09"/>
    <property name="java.awt.graphicsenv" value="sun.awt.CGraphicsEnvironment"/>
    <property name="java.endorsed.dirs" value="/Library/Java/JavaVirtualMachines/jdk1.8.0_40.jdk/Contents/Home/jre/lib/endorsed"/>
    <property name="os.arch" value="x86_64"/>
    <property name="java.io.tmpdir" value="/var/folders/4f/58l9zjkd72v312ycy89jb2nm0000gn/T/"/>
    <property name="line.separator" value="
"/>
    <property name="java.vm.specification.vendor" value="Oracle Corporation"/>
    <property name="os.name" value="Mac OS X"/>
    <property name="classworlds.conf" value="/Users/ccassano/lab/tools/maven/bin/m2.conf"/>
    <property name="sun.jnu.encoding" value="UTF-8"/>
    <property name="java.library.path" value="/Users/ccassano/Library/Java/Extensions:/Library/Java/Extensions:/Network/Library/Java/Extensions:/System/Library/Java/Extensions:/usr/lib/java:."/>
    <property name="java.specification.name" value="Java Platform API Specification"/>
    <property name="java.class.version" value="52.0"/>
    <property name="sun.management.compiler" value="HotSpot 64-Bit Tiered Compilers"/>
    <property name="os.version" value="10.10"/>
    <property name="http.nonProxyHosts" value="local|*.local|169.254/16|*.169.254/16"/>
    <property name="user.home" value="/Users/ccassano"/>
    <property name="user.timezone" value="Europe/Rome"/>
    <property name="java.awt.printerjob" value="sun.lwawt.macosx.CPrinterJob"/>
    <property name="java.specification.version" value="1.8"/>
    <property name="file.encoding" value="UTF-8"/>
    <property name="user.name" value="ccassano"/>
    <property name="java.class.path" value="/Users/ccassano/lab/tools/maven/boot/plexus-classworlds-2.5.1.jar"/>
    <property name="java.vm.specification.version" value="1.8"/>
    <property name="sun.arch.data.model" value="64"/>
    <property name="java.home" value="/Library/Java/JavaVirtualMachines/jdk1.8.0_40.jdk/Contents/Home/jre"/>
    <property name="sun.java.command" value="org.codehaus.plexus.classworlds.launcher.Launcher clean javacc:javacc install"/>
    <property name="java.specification.vendor" value="Oracle Corporation"/>
    <property name="user.language" value="it"/>
    <property name="awt.toolkit" value="sun.lwawt.macosx.LWCToolkit"/>
    <property name="java.vm.info" value="mixed mode"/>
    <property name="java.version" value="1.8.0_40-ea"/>
    <property name="java.ext.dirs" value="/Users/ccassano/Library/Java/Extensions:/Library/Java/JavaVirtualMachines/jdk1.8.0_40.jdk/Contents/Home/jre/lib/ext:/Library/Java/Extensions:/Network/Library/Java/Extensions:/System/Library/Java/Extensions:/usr/lib/java"/>
    <property name="sun.boot.class.path" value="/Library/Java/JavaVirtualMachines/jdk1.8.0_40.jdk/Contents/Home/jre/lib/resources.jar:/Library/Java/JavaVirtualMachines/jdk1.8.0_40.jdk/Contents/Home/jre/lib/rt.jar:/Library/Java/JavaVirtualMachines/jdk1.8.0_40.jdk/Contents/Home/jre/lib/sunrsasign.jar:/Library/Java/JavaVirtualMachines/jdk1.8.0_40.jdk/Contents/Home/jre/lib/jsse.jar:/Library/Java/JavaVirtualMachines/jdk1.8.0_40.jdk/Contents/Home/jre/lib/jce.jar:/Library/Java/JavaVirtualMachines/jdk1.8.0_40.jdk/Contents/Home/jre/lib/charsets.jar:/Library/Java/JavaVirtualMachines/jdk1.8.0_40.jdk/Contents/Home/jre/lib/jfr.jar:/Library/Java/JavaVirtualMachines/jdk1.8.0_40.jdk/Contents/Home/jre/classes"/>
    <property name="java.vendor" value="Oracle Corporation"/>
    <property name="maven.home" value="/Users/ccassano/lab/tools/maven"/>
    <property name="file.separator" value="/"/>
    <property name="java.vendor.url.bug" value="http://bugreport.sun.com/bugreport/"/>
    <property name="sun.cpu.endian" value="little"/>
    <property name="sun.io.unicode.encoding" value="UnicodeBig"/>
    <property name="socksNonProxyHosts" value="local|*.local|169.254/16|*.169.254/16"/>
    <property name="ftp.nonProxyHosts" value="local|*.local|169.254/16|*.169.254/16"/>
    <property name="sun.cpu.isalist" value=""/>
  </properties>
  <testcase classname="it.fe.cassano.astvisassignsample.ccparser.ParserValidityTest" name="testSimpleToken" time="0.044"/>
  <testcase classname="it.fe.cassano.astvisassignsample.ccparser.ParserValidityTest" name="testParsePlusOp" time="0.046"/>
  <testcase classname="it.fe.cassano.astvisassignsample.ccparser.ParserValidityTest" name="testParsePlusOpTernary" time="0.113"/>
  <testcase classname="it.fe.cassano.astvisassignsample.ccparser.ParserValidityTest" name="testParseMinusOp" time="0.155"/>
  <testcase classname="it.fe.cassano.astvisassignsample.ccparser.ParserValidityTest" name="testParseMinusOpTernary" time="0.079"/>
  <testcase classname="it.fe.cassano.astvisassignsample.ccparser.ParserValidityTest" name="testParseMulOp" time="0.035"/>
  <testcase classname="it.fe.cassano.astvisassignsample.ccparser.ParserValidityTest" name="testParseMulOpTernary" time="0.047"/>
  <testcase classname="it.fe.cassano.astvisassignsample.ccparser.ParserValidityTest" name="testParseDivOp" time="0.036"/>
  <testcase classname="it.fe.cassano.astvisassignsample.ccparser.ParserValidityTest" name="testParseAssign" time="0.071"/>
  <testcase classname="it.fe.cassano.astvisassignsample.ccparser.ParserValidityTest" name="testParseIdentWordAssign" time="0.058"/>
  <testcase classname="it.fe.cassano.astvisassignsample.ccparser.ParserValidityTest" name="testComplexExpression" time="0.058"/>
  <testcase classname="it.fe.cassano.astvisassignsample.ccparser.ParserValidityTest" name="testBracketsExpression" time="0.304"/>
  <testcase classname="it.fe.cassano.astvisassignsample.ccparser.ParserValidityTest" name="testInvalidUnbalancedBrackets" time="0.295"/>
  <testcase classname="it.fe.cassano.astvisassignsample.ccparser.ParserValidityTest" name="testLoongAssignmentChain" time="0.081"/>
  <testcase classname="it.fe.cassano.astvisassignsample.ccparser.ParserValidityTest" name="testAssignIdentChainTernary" time="0.189"/>
  <testcase classname="it.fe.cassano.astvisassignsample.ccparser.ParserValidityTest" name="testAssignIdentSimpleChain" time="0.064"/>
  <testcase classname="it.fe.cassano.astvisassignsample.ccparser.ParserValidityTest" name="testAssignIdentChain" time="0.115"/>
  <testcase classname="it.fe.cassano.astvisassignsample.ccparser.ParserValidityTest" name="testLooongAssignmentChain" time="0.392"/>
  <testcase classname="it.fe.cassano.astvisassignsample.ccparser.ParserValidityTest" name="testLooongAssignmentChainStrange" time="0.892"/>
  <testcase classname="it.fe.cassano.astvisassignsample.ccparser.ParserValidityTest" name="testSequence" time="0.161"/>
  <testcase classname="it.fe.cassano.astvisassignsample.ccparser.ParserValidityTest" name="testLongSequence" time="1.078"/>
</testsuite>