<?xml version="1.0" encoding="UTF-8" ?>
<testsuite tests="10" failures="1" name="it.fe.cassano.astvisassignsample.ccparser.ExpressionParserTest" time="0.53" errors="0" skipped="0">
  <properties>
    <property name="java.runtime.name" value="Java(TM) SE Runtime Environment"/>
    <property name="sun.boot.library.path" value="/Library/Java/JavaVirtualMachines/jdk1.8.0_40.jdk/Contents/Home/jre/lib"/>
    <property name="java.vm.version" value="25.40-b13"/>
    <property name="gopherProxySet" value="false"/>
    <property name="java.vm.vendor" value="Oracle Corporation"/>
    <property name="java.vendor.url" value="http://java.oracle.com/"/>
    <property name="path.separator" value=":"/>
    <property name="guice.disable.misplaced.annotation.check" value="true"/>
    <property name="java.vm.name" value="Java HotSpot(TM) 64-Bit Server VM"/>
    <property name="file.encoding.pkg" value="sun.io"/>
    <property name="user.country" value="IT"/>
    <property name="sun.java.launcher" value="SUN_STANDARD"/>
    <property name="sun.os.patch.level" value="unknown"/>
    <property name="java.vm.specification.name" value="Java Virtual Machine Specification"/>
    <property name="user.dir" value="/Users/ccassano/Documents/workspace/astvisassignsample"/>
    <property name="java.runtime.version" value="1.8.0_40-ea-b09"/>
    <property name="java.awt.graphicsenv" value="sun.awt.CGraphicsEnvironment"/>
    <property name="java.endorsed.dirs" value="/Library/Java/JavaVirtualMachines/jdk1.8.0_40.jdk/Contents/Home/jre/lib/endorsed"/>
    <property name="os.arch" value="x86_64"/>
    <property name="java.io.tmpdir" value="/var/folders/4f/58l9zjkd72v312ycy89jb2nm0000gn/T/"/>
    <property name="line.separator" value="
"/>
    <property name="java.vm.specification.vendor" value="Oracle Corporation"/>
    <property name="os.name" value="Mac OS X"/>
    <property name="classworlds.conf" value="/Users/ccassano/lab/tools/maven/bin/m2.conf"/>
    <property name="sun.jnu.encoding" value="UTF-8"/>
    <property name="java.library.path" value="/Users/ccassano/Library/Java/Extensions:/Library/Java/Extensions:/Network/Library/Java/Extensions:/System/Library/Java/Extensions:/usr/lib/java:."/>
    <property name="java.specification.name" value="Java Platform API Specification"/>
    <property name="java.class.version" value="52.0"/>
    <property name="sun.management.compiler" value="HotSpot 64-Bit Tiered Compilers"/>
    <property name="os.version" value="10.10"/>
    <property name="http.nonProxyHosts" value="local|*.local|169.254/16|*.169.254/16"/>
    <property name="user.home" value="/Users/ccassano"/>
    <property name="user.timezone" value="Europe/Rome"/>
    <property name="java.awt.printerjob" value="sun.lwawt.macosx.CPrinterJob"/>
    <property name="java.specification.version" value="1.8"/>
    <property name="file.encoding" value="UTF-8"/>
    <property name="user.name" value="ccassano"/>
    <property name="java.class.path" value="/Users/ccassano/lab/tools/maven/boot/plexus-classworlds-2.5.1.jar"/>
    <property name="java.vm.specification.version" value="1.8"/>
    <property name="sun.arch.data.model" value="64"/>
    <property name="java.home" value="/Library/Java/JavaVirtualMachines/jdk1.8.0_40.jdk/Contents/Home/jre"/>
    <property name="sun.java.command" value="org.codehaus.plexus.classworlds.launcher.Launcher clean javacc:javacc install"/>
    <property name="java.specification.vendor" value="Oracle Corporation"/>
    <property name="user.language" value="it"/>
    <property name="awt.toolkit" value="sun.lwawt.macosx.LWCToolkit"/>
    <property name="java.vm.info" value="mixed mode"/>
    <property name="java.version" value="1.8.0_40-ea"/>
    <property name="java.ext.dirs" value="/Users/ccassano/Library/Java/Extensions:/Library/Java/JavaVirtualMachines/jdk1.8.0_40.jdk/Contents/Home/jre/lib/ext:/Library/Java/Extensions:/Network/Library/Java/Extensions:/System/Library/Java/Extensions:/usr/lib/java"/>
    <property name="sun.boot.class.path" value="/Library/Java/JavaVirtualMachines/jdk1.8.0_40.jdk/Contents/Home/jre/lib/resources.jar:/Library/Java/JavaVirtualMachines/jdk1.8.0_40.jdk/Contents/Home/jre/lib/rt.jar:/Library/Java/JavaVirtualMachines/jdk1.8.0_40.jdk/Contents/Home/jre/lib/sunrsasign.jar:/Library/Java/JavaVirtualMachines/jdk1.8.0_40.jdk/Contents/Home/jre/lib/jsse.jar:/Library/Java/JavaVirtualMachines/jdk1.8.0_40.jdk/Contents/Home/jre/lib/jce.jar:/Library/Java/JavaVirtualMachines/jdk1.8.0_40.jdk/Contents/Home/jre/lib/charsets.jar:/Library/Java/JavaVirtualMachines/jdk1.8.0_40.jdk/Contents/Home/jre/lib/jfr.jar:/Library/Java/JavaVirtualMachines/jdk1.8.0_40.jdk/Contents/Home/jre/classes"/>
    <property name="java.vendor" value="Oracle Corporation"/>
    <property name="maven.home" value="/Users/ccassano/lab/tools/maven"/>
    <property name="file.separator" value="/"/>
    <property name="java.vendor.url.bug" value="http://bugreport.sun.com/bugreport/"/>
    <property name="sun.cpu.endian" value="little"/>
    <property name="sun.io.unicode.encoding" value="UnicodeBig"/>
    <property name="socksNonProxyHosts" value="local|*.local|169.254/16|*.169.254/16"/>
    <property name="ftp.nonProxyHosts" value="local|*.local|169.254/16|*.169.254/16"/>
    <property name="sun.cpu.isalist" value=""/>
  </properties>
  <testcase classname="it.fe.cassano.astvisassignsample.ccparser.ExpressionParserTest" name="testParseFactor" time="0.001"/>
  <testcase classname="it.fe.cassano.astvisassignsample.ccparser.ExpressionParserTest" name="testParseFactorIdent" time="0.001">
    <failure message="expected:&lt;(a33)&gt; but was:&lt;a33&gt;" type="junit.framework.ComparisonFailure">junit.framework.ComparisonFailure: expected:&lt;(a33)&gt; but was:&lt;a33&gt;
	at junit.framework.Assert.assertEquals(Assert.java:81)
	at junit.framework.Assert.assertEquals(Assert.java:87)
	at it.fe.cassano.astvisassignsample.ccparser.ExpressionParserTest.testParseFactorIdent(ExpressionParserTest.java:39)
</failure>
    <system-out>Call:   factor
Skipping character :   (32)
Skipping character :   (32)
Current character : a (97) at line 1 column 3
   No string literal matches possible.
   Starting NFA to match one of : { &lt;IDENT&gt;, &lt;INTNUM&gt; }
Current character : a (97) at line 1 column 3
   Currently matched the first 1 characters as a &lt;IDENT&gt; token.
   Possible kinds of longer matches : { &lt;IDENT&gt; }
Current character : 3 (51) at line 1 column 4
   Currently matched the first 2 characters as a &lt;IDENT&gt; token.
   Possible kinds of longer matches : { &lt;IDENT&gt; }
Current character : 3 (51) at line 1 column 5
   Currently matched the first 3 characters as a &lt;IDENT&gt; token.
   Possible kinds of longer matches : { &lt;IDENT&gt; }
Current character :   (32) at line 1 column 6
   Currently matched the first 3 characters as a &lt;IDENT&gt; token.
   Putting back 1 characters into the input stream.
****** FOUND A &lt;IDENT&gt; MATCH (a33) ******

  Visited token: &lt;&lt;IDENT&gt;: &quot;a33&quot; at line 1 column 3&gt;; Expected token: &lt;&lt;INTNUM&gt;&gt;
  Visited token: &lt;&lt;IDENT&gt;: &quot;a33&quot; at line 1 column 3&gt;; Expected token: &lt;&lt;IDENT&gt;&gt;
  Consumed token: &lt;&lt;IDENT&gt;: &quot;a33&quot; at line 1 column 3&gt;
Return: factor
</system-out>
  </testcase>
  <testcase classname="it.fe.cassano.astvisassignsample.ccparser.ExpressionParserTest" name="testParseFactor2" time="0.056"/>
  <testcase classname="it.fe.cassano.astvisassignsample.ccparser.ExpressionParserTest" name="testParseFactor3" time="0.081"/>
  <testcase classname="it.fe.cassano.astvisassignsample.ccparser.ExpressionParserTest" name="testParseFactor4" time="0.074"/>
  <testcase classname="it.fe.cassano.astvisassignsample.ccparser.ExpressionParserTest" name="testParseFactorTernary" time="0.066"/>
  <testcase classname="it.fe.cassano.astvisassignsample.ccparser.ExpressionParserTest" name="testParseAssigment" time="0.029"/>
  <testcase classname="it.fe.cassano.astvisassignsample.ccparser.ExpressionParserTest" name="testParseTerm" time="0.067"/>
  <testcase classname="it.fe.cassano.astvisassignsample.ccparser.ExpressionParserTest" name="testParseTermTernary" time="0.055"/>
  <testcase classname="it.fe.cassano.astvisassignsample.ccparser.ExpressionParserTest" name="testParseTermTernary2" time="0.1"/>
</testsuite>